[T=1s] 1434 ops/s
[T=2s] 1564 ops/s
[T=3s] 1651 ops/s
[T=4s] 1516 ops/s
[T=5s] 1381 ops/s
[T=6s] 2092 ops/s
[T=7s] 1684 ops/s
[T=8s] 1723 ops/s
[T=9s] 1465 ops/s
[T=10s] 1257 ops/s
[T=11s] 3953 ops/s
[T=12s] 4460 ops/s
[T=13s] 4078 ops/s
[T=14s] 2484 ops/s
[T=15s] 4050 ops/s
[T=16s] 3808 ops/s
[T=17s] 3261 ops/s
[T=18s] 2860 ops/s
[T=19s] 3314 ops/s
[T=20s] 4145 ops/s
[T=21s] 4893 ops/s
[T=22s] 5904 ops/s
[T=23s] 6667 ops/s
[T=24s] 6217 ops/s
[T=25s] 5988 ops/s
[T=26s] 5582 ops/s
[T=27s] 6223 ops/s
[T=28s] 6636 ops/s
[T=29s] 6455 ops/s
[T=30s] 4593 ops/s

=== Performance Stats ===
Elapsed:          30.00 s
Successful ops:   111368
Throughput:       3711.72 ops/s
Total operations: 158398
Avg latency:      751.32 us
P50 latency:      20.65 us
P90 latency:      1128.75 us
P99 latency:      14742.74 us
Min latency:      0.06 us
Max latency:      256599.06 us
=========================
