[T=1s] 1607 ops/s
[T=2s] 1662 ops/s
[T=3s] 1689 ops/s
[T=4s] 1625 ops/s
[T=5s] 1441 ops/s
[T=6s] 1958 ops/s
[T=7s] 1854 ops/s
[T=8s] 1909 ops/s
[T=9s] 1561 ops/s
[T=10s] 1443 ops/s
[T=11s] 2950 ops/s
[T=12s] 2984 ops/s
[T=13s] 3110 ops/s
[T=14s] 1791 ops/s
[T=15s] 2578 ops/s
[T=16s] 2411 ops/s
[T=17s] 2330 ops/s
[T=18s] 2213 ops/s
[T=19s] 2587 ops/s
[T=20s] 2870 ops/s
[T=21s] 4339 ops/s
[T=22s] 4350 ops/s
[T=23s] 4703 ops/s
[T=24s] 4174 ops/s
[T=25s] 5241 ops/s
[T=26s] 4313 ops/s
[T=27s] 4802 ops/s
[T=28s] 4988 ops/s
[T=29s] 4735 ops/s
[T=30s] 3597 ops/s

=== Performance Stats ===
Elapsed:          30.04 s
Successful ops:   87936
Throughput:       2927.19 ops/s
Total operations: 118602
Avg latency:      1003.62 us
P50 latency:      28.35 us
P90 latency:      1541.11 us
P99 latency:      18847.97 us
Min latency:      0.06 us
Max latency:      250997.81 us
=========================
